<?xml version="1.0" encoding="UTF-8"?>
<testng-results total="2" passed="2" failed="0" skipped="0">
  <reporter-output>
  </reporter-output>
  <suite started-at="2025-03-29T12:52:24Z" name="Test Suite for Buildout" finished-at="2025-03-29T12:53:36Z" duration-ms="72466">
    <groups>
    </groups>
    <test started-at="2025-03-29T12:52:24Z" name="Test Cases for Buildout" finished-at="2025-03-29T12:53:36Z" duration-ms="72466">
      <class name="demo.TestCases">
        <test-method is-config="true" signature="startBrowser()[pri:0, instance:demo.TestCases@18b0930f]" started-at="2025-03-29T18:22:24Z" name="startBrowser" finished-at="2025-03-29T18:22:26Z" duration-ms="1988" status="PASS">
          <reporter-output>
          </reporter-output>
        </test-method> <!-- startBrowser -->
        <test-method is-config="true" signature="scrapperlogin()[pri:0, instance:demo.TestCases@18b0930f]" started-at="2025-03-29T18:22:26Z" name="scrapperlogin" finished-at="2025-03-29T18:22:29Z" duration-ms="3717" status="PASS">
          <reporter-output>
          </reporter-output>
        </test-method> <!-- scrapperlogin -->
        <test-method signature="testCase01()[pri:0, instance:demo.TestCases@18b0930f]" started-at="2025-03-29T18:22:29Z" name="testCase01" finished-at="2025-03-29T18:22:50Z" duration-ms="20780" status="PASS">
          <reporter-output>
          </reporter-output>
        </test-method> <!-- testCase01 -->
        <test-method is-config="true" signature="scrapperlogin()[pri:0, instance:demo.TestCases@18b0930f]" started-at="2025-03-29T18:22:50Z" name="scrapperlogin" finished-at="2025-03-29T18:22:55Z" duration-ms="4626" status="PASS">
          <reporter-output>
          </reporter-output>
        </test-method> <!-- scrapperlogin -->
        <test-method signature="testCase02()[pri:0, instance:demo.TestCases@18b0930f]" started-at="2025-03-29T18:22:55Z" name="testCase02" finished-at="2025-03-29T18:23:35Z" duration-ms="40562" status="PASS">
          <reporter-output>
          </reporter-output>
        </test-method> <!-- testCase02 -->
        <test-method is-config="true" signature="endTest()[pri:0, instance:demo.TestCases@18b0930f]" started-at="2025-03-29T18:23:35Z" name="endTest" finished-at="2025-03-29T18:23:36Z" duration-ms="779" status="PASS">
          <reporter-output>
          </reporter-output>
        </test-method> <!-- endTest -->
      </class> <!-- demo.TestCases -->
    </test> <!-- Test Cases for Buildout -->
  </suite> <!-- Test Suite for Buildout -->
</testng-results>
