<?xml version="1.0" encoding="UTF-8"?>
<testng-results total="2" passed="2" failed="0" skipped="0">
  <reporter-output>
  </reporter-output>
  <suite started-at="2025-04-03T03:14:33Z" name="Test Suite for Buildout" finished-at="2025-04-03T03:15:26Z" duration-ms="52732">
    <groups>
    </groups>
    <test started-at="2025-04-03T03:14:33Z" name="Test Cases for Buildout" finished-at="2025-04-03T03:15:26Z" duration-ms="52732">
      <class name="demo.TestCases">
        <test-method is-config="true" signature="startBrowser()[pri:0, instance:demo.TestCases@5c10f1c3]" started-at="2025-04-03T08:44:33Z" name="startBrowser" finished-at="2025-04-03T08:44:36Z" duration-ms="2241" status="PASS">
          <reporter-output>
          </reporter-output>
        </test-method> <!-- startBrowser -->
        <test-method is-config="true" signature="scrapperlogin()[pri:0, instance:demo.TestCases@5c10f1c3]" started-at="2025-04-03T08:44:36Z" name="scrapperlogin" finished-at="2025-04-03T08:44:40Z" duration-ms="4179" status="PASS">
          <reporter-output>
          </reporter-output>
        </test-method> <!-- scrapperlogin -->
        <test-method signature="testCase01()[pri:0, instance:demo.TestCases@5c10f1c3]" started-at="2025-04-03T08:44:40Z" name="testCase01" finished-at="2025-04-03T08:45:03Z" duration-ms="23441" status="PASS">
          <reporter-output>
          </reporter-output>
        </test-method> <!-- testCase01 -->
        <test-method is-config="true" signature="scrapperlogin()[pri:0, instance:demo.TestCases@5c10f1c3]" started-at="2025-04-03T08:45:03Z" name="scrapperlogin" finished-at="2025-04-03T08:45:06Z" duration-ms="2656" status="PASS">
          <reporter-output>
          </reporter-output>
        </test-method> <!-- scrapperlogin -->
        <test-method signature="testCase02()[pri:0, instance:demo.TestCases@5c10f1c3]" started-at="2025-04-03T08:45:06Z" name="testCase02" finished-at="2025-04-03T08:45:25Z" duration-ms="19283" status="PASS">
          <reporter-output>
          </reporter-output>
        </test-method> <!-- testCase02 -->
        <test-method is-config="true" signature="endTest()[pri:0, instance:demo.TestCases@5c10f1c3]" started-at="2025-04-03T08:45:25Z" name="endTest" finished-at="2025-04-03T08:45:26Z" duration-ms="917" status="PASS">
          <reporter-output>
          </reporter-output>
        </test-method> <!-- endTest -->
      </class> <!-- demo.TestCases -->
    </test> <!-- Test Cases for Buildout -->
  </suite> <!-- Test Suite for Buildout -->
</testng-results>
